0 info it worked if it ends with ok
1 verbose cli [ 'C:\\Program Files\\nodejs\\node.exe',
1 verbose cli   'C:\\Program Files\\nodejs\\node_modules\\npm\\bin\\npm-cli.js',
1 verbose cli   'rebuild',
1 verbose cli   'node-sass' ]
2 info using npm@3.10.8
3 info using node@v6.9.1
4 info readInstalled object
5 verbose rebuild path, id [ 'C:\\xampp\\htdocs\\flexio\\node_modules\\node-sass',
5 verbose rebuild   'node-sass@3.8.0' ]
6 silly rebuild set [ 'C:\\xampp\\htdocs\\flexio\\node_modules\\node-sass' ]
7 info build C:\xampp\htdocs\flexio\node_modules\node-sass
8 info lifecycle node-sass@3.8.0~preinstall: node-sass@3.8.0
9 silly lifecycle node-sass@3.8.0~preinstall: no script for preinstall, continuing
10 info linkStuff node-sass@3.8.0
11 silly linkStuff node-sass@3.8.0 has C:\xampp\htdocs\flexio\node_modules as its parent node_modules
12 verbose linkBins node-sass@3.8.0
13 verbose link bins [ { 'node-sass': 'bin/node-sass' },
13 verbose link bins   'C:\\xampp\\htdocs\\flexio\\node_modules\\.bin',
13 verbose link bins   false ]
14 verbose linkMans node-sass@3.8.0
15 verbose rebuildBundles node-sass@3.8.0
16 verbose rebuildBundles [ '.bin',
16 verbose rebuildBundles   'async-foreach',
16 verbose rebuildBundles   'chalk',
16 verbose rebuildBundles   'cross-spawn',
16 verbose rebuildBundles   'gaze',
16 verbose rebuildBundles   'get-stdin',
16 verbose rebuildBundles   'glob',
16 verbose rebuildBundles   'in-publish',
16 verbose rebuildBundles   'lodash.clonedeep',
16 verbose rebuildBundles   'meow',
16 verbose rebuildBundles   'mkdirp',
16 verbose rebuildBundles   'nan',
16 verbose rebuildBundles   'node-gyp',
16 verbose rebuildBundles   'request',
16 verbose rebuildBundles   'sass-graph' ]
17 info lifecycle node-sass@3.8.0~install: node-sass@3.8.0
18 verbose lifecycle node-sass@3.8.0~install: unsafe-perm in lifecycle true
19 verbose lifecycle node-sass@3.8.0~install: PATH: C:\Program Files\nodejs\node_modules\npm\bin\node-gyp-bin;C:\xampp\htdocs\flexio\node_modules\node-sass\node_modules\.bin;C:\xampp\htdocs\flexio\node_modules\.bin;C:\Users\RAW\bin;C:\Program Files\Git\mingw64\bin;C:\Program Files\Git\usr\local\bin;C:\Program Files\Git\usr\bin;C:\Program Files\Git\usr\bin;C:\Program Files\Git\mingw64\bin;C:\Program Files\Git\usr\bin;C:\Users\RAW\bin;C:\ProgramData\Oracle\Java\javapath;C:\Windows\system32;C:\Windows;C:\Windows\System32\Wbem;C:\Program Files (x86)\Microsoft ASP.NET\ASP.NET Web Pages\v1.0;C:\Program Files (x86)\Windows Kits\8.0\Windows Performance Toolkit;C:\Program Files\Microsoft SQL Server\110\Tools\Binn;C:\Windows\System32\WindowsPowerShell\v1.0;C:\xampp\php;C:\ProgramData\ComposerSetup\bin;C:\Program Files\TortoiseSVN\bin;C:\Program Files\nodejs;C:\Program Files (x86)\Skype\Phone;C:\Program Files\Git\cmd;C:\Users\RAW\AppData\Roaming\Composer\vendor\bin;C:\Users\RAW\AppData\Roaming\npm;C:\Program Files\Git\usr\bin\vendor_perl;C:\Program Files\Git\usr\bin\core_perl
20 verbose lifecycle node-sass@3.8.0~install: CWD: C:\xampp\htdocs\flexio\node_modules\node-sass
21 silly lifecycle node-sass@3.8.0~install: Args: [ '/d /s /c', 'node scripts/install.js' ]
22 silly lifecycle node-sass@3.8.0~install: Returned: code: 0  signal: null
23 info lifecycle node-sass@3.8.0~postinstall: node-sass@3.8.0
24 verbose lifecycle node-sass@3.8.0~postinstall: unsafe-perm in lifecycle true
25 verbose lifecycle node-sass@3.8.0~postinstall: PATH: C:\Program Files\nodejs\node_modules\npm\bin\node-gyp-bin;C:\xampp\htdocs\flexio\node_modules\node-sass\node_modules\.bin;C:\xampp\htdocs\flexio\node_modules\.bin;C:\Users\RAW\bin;C:\Program Files\Git\mingw64\bin;C:\Program Files\Git\usr\local\bin;C:\Program Files\Git\usr\bin;C:\Program Files\Git\usr\bin;C:\Program Files\Git\mingw64\bin;C:\Program Files\Git\usr\bin;C:\Users\RAW\bin;C:\ProgramData\Oracle\Java\javapath;C:\Windows\system32;C:\Windows;C:\Windows\System32\Wbem;C:\Program Files (x86)\Microsoft ASP.NET\ASP.NET Web Pages\v1.0;C:\Program Files (x86)\Windows Kits\8.0\Windows Performance Toolkit;C:\Program Files\Microsoft SQL Server\110\Tools\Binn;C:\Windows\System32\WindowsPowerShell\v1.0;C:\xampp\php;C:\ProgramData\ComposerSetup\bin;C:\Program Files\TortoiseSVN\bin;C:\Program Files\nodejs;C:\Program Files (x86)\Skype\Phone;C:\Program Files\Git\cmd;C:\Users\RAW\AppData\Roaming\Composer\vendor\bin;C:\Users\RAW\AppData\Roaming\npm;C:\Program Files\Git\usr\bin\vendor_perl;C:\Program Files\Git\usr\bin\core_perl
26 verbose lifecycle node-sass@3.8.0~postinstall: CWD: C:\xampp\htdocs\flexio\node_modules\node-sass
27 silly lifecycle node-sass@3.8.0~postinstall: Args: [ '/d /s /c', 'node scripts/build.js' ]
28 silly lifecycle node-sass@3.8.0~postinstall: Returned: code: 1  signal: null
29 info lifecycle node-sass@3.8.0~postinstall: Failed to exec postinstall script
30 verbose stack Error: node-sass@3.8.0 postinstall: `node scripts/build.js`
30 verbose stack Exit status 1
30 verbose stack     at EventEmitter.<anonymous> (C:\Program Files\nodejs\node_modules\npm\lib\utils\lifecycle.js:255:16)
30 verbose stack     at emitTwo (events.js:106:13)
30 verbose stack     at EventEmitter.emit (events.js:191:7)
30 verbose stack     at ChildProcess.<anonymous> (C:\Program Files\nodejs\node_modules\npm\lib\utils\spawn.js:40:14)
30 verbose stack     at emitTwo (events.js:106:13)
30 verbose stack     at ChildProcess.emit (events.js:191:7)
30 verbose stack     at maybeClose (internal/child_process.js:877:16)
30 verbose stack     at Process.ChildProcess._handle.onexit (internal/child_process.js:226:5)
31 verbose pkgid node-sass@3.8.0
32 verbose cwd C:\xampp\htdocs\flexio
33 error Windows_NT 6.1.7601
34 error argv "C:\\Program Files\\nodejs\\node.exe" "C:\\Program Files\\nodejs\\node_modules\\npm\\bin\\npm-cli.js" "rebuild" "node-sass"
35 error node v6.9.1
36 error npm  v3.10.8
37 error code ELIFECYCLE
38 error node-sass@3.8.0 postinstall: `node scripts/build.js`
38 error Exit status 1
39 error Failed at the node-sass@3.8.0 postinstall script 'node scripts/build.js'.
39 error Make sure you have the latest version of node.js and npm installed.
39 error If you do, this is most likely a problem with the node-sass package,
39 error not with npm itself.
39 error Tell the author that this fails on your system:
39 error     node scripts/build.js
39 error You can get information on how to open an issue for this project with:
39 error     npm bugs node-sass
39 error Or if that isn't available, you can get their info via:
39 error     npm owner ls node-sass
39 error There is likely additional logging output above.
40 verbose exit [ 1, true ]
